#
# A fatal error has been detected by the Java Runtime Environment:
#
#  EXCEPTION_ACCESS_VIOLATION (0xc0000005) at pc=0x00007ff8c3c549e6, pid=7016, tid=5768
#
# JRE version: Java(TM) SE Runtime Environment (21.0.5+9) (build 21.0.5+9-LTS-239)
# Java VM: Java HotSpot(TM) 64-Bit Server VM (21.0.5+9-LTS-239, mixed mode, sharing, tiered, compressed oops, compressed class ptrs, g1 gc, windows-amd64)
# Problematic frame:
# C  [ntdll.dll+0x649e6]
#
# No core dump will be written. Minidumps are not enabled by default on client versions of Windows
#
# If you would like to submit a bug report, please visit:
#   https://bugreport.java.com/bugreport/crash.jsp
# The crash happened outside the Java Virtual Machine in native code.
# See problematic frame for where to report the bug.
#

---------------  S U M M A R Y ------------

Command Line: -Dfile.encoding=UTF-8 -Dstdout.encoding=UTF-8 -Dstderr.encoding=UTF-8 -XX:+ShowCodeDetailsInExceptionMessages juego.PrincipalJuegoDisparos

Host: AMD Ryzen 3 3200G with Radeon Vega Graphics    , 4 cores, 13G,  Windows 10 , 64 bit Build 19041 (10.0.19041.4957)
Time: Wed Nov 27 12:45:55 2024 Hora estándar, América Central elapsed time: 4.906355 seconds (0d 0h 0m 4s)

---------------  T H R E A D  ---------------

Current thread (0x0000025394cc05f0):  JavaThread "Thread-1"         [_thread_in_native, id=5768, stack(0x0000009899f00000,0x000000989a000000) (1024K)]

Stack: [0x0000009899f00000,0x000000989a000000],  sp=0x0000009899ffec10,  free space=1019k
Native frames: (J=compiled Java code, j=interpreted, Vv=VM code, C=native code)
C  [ntdll.dll+0x649e6]
C  [ntdll.dll+0x2fcb4]
C  [ntdll.dll+0x2fae2]
C  0x00007ff8768ef7dc

Java frames: (J=compiled Java code, j=interpreted, Vv=VM code)
j  sun.java2d.d3d.D3DSurfaceData.initOps(III)V+0 java.desktop@21.0.5
j  sun.java2d.d3d.D3DSurfaceData.<init>(Lsun/awt/windows/WComponentPeer;Lsun/java2d/d3d/D3DGraphicsConfig;IILjava/awt/Image;Ljava/awt/image/ColorModel;IILsun/java2d/pipe/hw/ExtendedBufferCapabilities$VSyncType;I)V+212 java.desktop@21.0.5
j  sun.java2d.d3d.D3DSurfaceData.createData(Lsun/awt/windows/WComponentPeer;Ljava/awt/Image;)Lsun/java2d/d3d/D3DSurfaceData;+117 java.desktop@21.0.5
j  sun.java2d.d3d.D3DVolatileSurfaceManager.initAcceleratedSurface()Lsun/java2d/SurfaceData;+68 java.desktop@21.0.5
j  sun.java2d.d3d.D3DVolatileSurfaceManager.restoreAcceleratedSurface()V+49 java.desktop@21.0.5
j  sun.awt.image.VolatileSurfaceManager.validate(Ljava/awt/GraphicsConfiguration;)I+94 java.desktop@21.0.5
j  sun.awt.image.SunVolatileImage.validate(Ljava/awt/GraphicsConfiguration;)I+5 java.desktop@21.0.5
j  java.awt.Component$FlipBufferStrategy.revalidate()V+85 java.desktop@21.0.5
j  java.awt.Component$FlipBufferStrategy.getDrawGraphics()Ljava/awt/Graphics;+1 java.desktop@21.0.5
j  motor_v1.motor.Lienzo.dibujar(Lmotor_v1/motor/Scene;)V+29
j  juego.Game.dibujar(Ljava/awt/Graphics;)V+12
J 1193% c2 motor_v1.motor.GameLoop.gameLoopFPS()V (124 bytes) @ 0x0000025340522f40 [0x0000025340522de0+0x0000000000000160]
j  motor_v1.motor.GameLoop.run()V+37
j  java.lang.Thread.runWith(Ljava/lang/Object;Ljava/lang/Runnable;)V+5 java.base@21.0.5
j  java.lang.Thread.run()V+19 java.base@21.0.5
v  ~StubRoutines::call_stub 0x000002533fee100d

siginfo: EXCEPTION_ACCESS_VIOLATION (0xc0000005), writing address 0x0000000000000024


Registers:
RAX=0x0000000000000000, RBX=0x000002534e91dc88, RCX=0x000002534e91dc88, RDX=0x00000000fffffffa
RSP=0x0000009899ffec10, RBP=0x0000025394b76600, RSI=0x0000000000000000, RDI=0x0000000000000000
R8 =0x0000000000000000, R9 =0x000002534e91dc00, R10=0x000072578750fc10, R11=0x000072578750fa84
R12=0x0000000000000000, R13=0x0000009896e22000, R14=0x0000000000000001, R15=0x0000000000000000
RIP=0x00007ff8c3c549e6, EFLAGS=0x0000000000010213


Register to memory mapping:

RAX=0x0 is null
RBX=0x000002534e91dc88 points into unknown readable memory: 0x0000000000000000 | 00 00 00 00 00 00 00 00
RCX=0x000002534e91dc88 points into unknown readable memory: 0x0000000000000000 | 00 00 00 00 00 00 00 00
RDX=0x00000000fffffffa is an unknown value
RSP=0x0000009899ffec10 is pointing into the stack for thread: 0x0000025394cc05f0
RBP=0x0000025394b76600 points into unknown readable memory: 0x0000000000000000 | 00 00 00 00 00 00 00 00
RSI=0x0 is null
RDI=0x0 is null
R8 =0x0 is null
R9 =0x000002534e91dc00 points into unknown readable memory: 0x0000000000000000 | 00 00 00 00 00 00 00 00
R10=0x000072578750fc10 is an unknown value
R11=0x000072578750fa84 is an unknown value
R12=0x0 is null
R13=0x0000009896e22000 points into unknown readable memory: 0x0000000000000000 | 00 00 00 00 00 00 00 00
R14=0x0000000000000001 is an unknown value
R15=0x0 is null

Top of Stack: (sp=0x0000009899ffec10)
0x0000009899ffec10:   ffffffffffffffff 000002534e91dc88
0x0000009899ffec20:   000033b600000000 00007ff85d2dfae0
0x0000009899ffec30:   0000025394cc05f0 00000253970e4dd0
0x0000009899ffec40:   0000009899ffef10 00007ff8539cf877
0x0000009899ffec50:   0000009899ffed00 00000000fffffffa
0x0000009899ffec60:   0000009896e22000 0000009899ffec18
0x0000009899ffec70:   0000009899ffec59 0000000800000005
0x0000009899ffec80:   000002534f487b00 0000000000000000
0x0000009899ffec90:   000033b688eaca04 0000009899ffed59
0x0000009899ffeca0:   0000556a00a4ade6 0000000000000000
0x0000009899ffecb0:   0000025394cc0500 0000000000000001
0x0000009899ffecc0:   0000000000000001 0000000000000001
0x0000009899ffecd0:   0000000000000000 000002534e91dc88
0x0000009899ffece0:   0000025394b76600 00007ff8c3c1fcb4
0x0000009899ffecf0:   000002534e74f2f0 00007ff853c19ca3
0x0000009899ffed00:   00000000fffffffa 0000000000000000
0x0000009899ffed10:   0000025394cc05f0 0000000000010001
0x0000009899ffed20:   000002539073e9a0 0000000000000000
0x0000009899ffed30:   0000000000000000 0000000000000000
0x0000009899ffed40:   0000025394b76610 00007ff8c3c1fae2
0x0000009899ffed50:   0000000000000000 00007ff8539ebaf0
0x0000009899ffed60:   0000009899ffedd0 0000000000000001
0x0000009899ffed70:   0000000000010001 00007ff8768ef7dc
0x0000009899ffed80:   00007ff85d3aa848 00007ff85d297d30
0x0000009899ffed90:   00000253968fcd40 0000000000000000
0x0000009899ffeda0:   000002534e91dc80 00007ff8769209d6
0x0000009899ffedb0:   0000000000010001 00007ff85d34b1b5
0x0000009899ffedc0:   00000253968fcd40 0000025394b76610
0x0000009899ffedd0:   000002534e91dc88 0000025300000000
0x0000009899ffede0:   00000253970e4dd0 00007ff85d28ee29
0x0000009899ffedf0:   00000253970e4dd0 00000253968fcd40
0x0000009899ffee00:   0000000000000058 000002533fee8860 

Instructions: (pc=0x00007ff8c3c549e6)
0x00007ff8c3c548e6:   20 e9 ed fe ff ff 48 89 41 18 e9 e4 fe ff ff cc
0x00007ff8c3c548f6:   cc cc cc cc cc cc cc cc cc cc 80 3d 01 7c 10 00
0x00007ff8c3c54906:   00 0f 95 c0 c3 cc cc cc cc cc cc cc cc cc cc cc
0x00007ff8c3c54916:   cc cc cc cc cc cc cc cc cc cc 48 83 ec 38 8b 05
0x00007ff8c3c54926:   02 62 10 00 89 44 24 20 e8 41 02 00 00 48 83 c4
0x00007ff8c3c54936:   38 c3 cc cc cc cc cc cc cc cc 48 89 5c 24 18 55
0x00007ff8c3c54946:   56 57 41 54 41 55 41 56 41 57 48 81 ec a0 00 00
0x00007ff8c3c54956:   00 48 8b 05 b2 fb 11 00 48 33 c4 48 89 84 24 90
0x00007ff8c3c54966:   00 00 00 65 4c 8b 2c 25 30 00 00 00 48 8d 05 4f
0x00007ff8c3c54976:   1c 10 00 40 32 ed 89 54 24 48 33 f6 40 88 6c 24
0x00007ff8c3c54986:   40 4c 89 6c 24 50 48 8b d9 44 8b e6 48 3b c8 0f
0x00007ff8c3c54996:   84 39 01 00 00 40 38 35 66 7b 10 00 0f 85 a8 01
0x00007ff8c3c549a6:   00 00 39 35 7a 7b 10 00 0f 85 6a 01 00 00 40 38
0x00007ff8c3c549b6:   35 3d 76 10 00 48 8d 3d 3e 76 10 00 48 0f 45 fe
0x00007ff8c3c549c6:   48 39 73 18 0f 84 d2 00 00 00 48 8b 03 48 83 f8
0x00007ff8c3c549d6:   ff 0f 84 d2 00 00 00 44 8b fe 48 83 f8 ff 74 03
0x00007ff8c3c549e6:   ff 40 24 4c 8b 73 18 4c 8d 2d d4 1b 10 00 bd 22
0x00007ff8c3c549f6:   17 00 00 e8 52 fe fb ff 85 c0 0f 85 d2 9f 05 00
0x00007ff8c3c54a06:   b9 82 03 fe 7f 80 39 00 0f 85 e0 9f 05 00 49 83
0x00007ff8c3c54a16:   fe ff 0f 85 6e a0 05 00 4c 8b cf c7 44 24 20 00
0x00007ff8c3c54a26:   00 00 00 41 b8 04 00 00 00 48 8d 54 24 48 48 8d
0x00007ff8c3c54a36:   4b 08 e8 37 01 00 00 3d 02 01 00 00 0f 84 57 a0
0x00007ff8c3c54a46:   05 00 8b 4b 08 89 4c 24 48 f6 c1 02 75 ca 3d 02
0x00007ff8c3c54a56:   01 00 00 0f 84 40 a0 05 00 0f b6 6c 24 40 4c 8b
0x00007ff8c3c54a66:   6c 24 50 85 c0 0f 88 8c a1 05 00 40 84 ed 75 73
0x00007ff8c3c54a76:   48 8b 8c 24 90 00 00 00 48 33 cc e8 8a 7e 02 00
0x00007ff8c3c54a86:   48 8b 9c 24 f0 00 00 00 48 81 c4 a0 00 00 00 41
0x00007ff8c3c54a96:   5f 41 5e 41 5d 41 5c 5f 5e 5d c3 cc 48 8b cb e8
0x00007ff8c3c54aa6:   56 05 00 00 e9 21 ff ff ff 8b 4b 20 48 c7 c0 ff
0x00007ff8c3c54ab6:   ff ff ff 48 0f ba e1 18 0f 82 19 ff ff ff 48 8b
0x00007ff8c3c54ac6:   cb e8 74 cd fa ff 48 8b 03 e9 09 ff ff ff c6 44
0x00007ff8c3c54ad6:   24 40 01 41 c7 85 60 17 00 00 01 00 00 00 e9 b2 


Stack slot to memory mapping:

stack at sp + 0 slots: 0xffffffffffffffff is an unknown value
stack at sp + 1 slots: 0x000002534e91dc88 points into unknown readable memory: 0x0000000000000000 | 00 00 00 00 00 00 00 00
stack at sp + 2 slots: 0x000033b600000000 is an unknown value
stack at sp + 3 slots: 0x00007ff85d2dfae0 awt.dll
stack at sp + 4 slots: 0x0000025394cc05f0 is a thread
stack at sp + 5 slots: 0x00000253970e4dd0 points into unknown readable memory: 0x00007ff85d292d30 | 30 2d 29 5d f8 7f 00 00
stack at sp + 6 slots: 0x0000009899ffef10 is pointing into the stack for thread: 0x0000025394cc05f0
stack at sp + 7 slots: 0x00007ff8539cf877 jvm.dll


Compiled method (c2)    4944 1193 %     4       motor_v1.motor.GameLoop::gameLoopFPS @ 15 (124 bytes)
 total in heap  [0x0000025340522c10,0x0000025340523218] = 1544
 relocation     [0x0000025340522d68,0x0000025340522db8] = 80
 constants      [0x0000025340522dc0,0x0000025340522de0] = 32
 main code      [0x0000025340522de0,0x0000025340523030] = 592
 stub code      [0x0000025340523030,0x0000025340523048] = 24
 oops           [0x0000025340523048,0x0000025340523050] = 8
 metadata       [0x0000025340523050,0x0000025340523080] = 48
 scopes data    [0x0000025340523080,0x0000025340523140] = 192
 scopes pcs     [0x0000025340523140,0x00000253405231d0] = 144
 dependencies   [0x00000253405231d0,0x00000253405231d8] = 8
 handler table  [0x00000253405231d8,0x0000025340523208] = 48
 nul chk table  [0x0000025340523208,0x0000025340523218] = 16


[Constant Pool]
             Address          hex4                    hex8      
  0x0000025340522dc0:   0x00000000      0x3ff0000000000000      
  0x0000025340522dc4:   0x3ff00000                              
  0x0000025340522dc8:   0x40000000      0x416fca0540000000      
  0x0000025340522dcc:   0x416fca05                              
  0x0000025340522dd0:   0xa0000000      0x3eb0c6f7a0000000      
  0x0000025340522dd4:   0x3eb0c6f7                              
  0x0000025340522dd8:   0xf4f4f4f4      0xf4f4f4f4f4f4f4f4      
  0x0000025340522ddc:   0xf4f4f4f4                              

[MachCode]
[Verified Entry Point]
  # {method} {0x0000025390613b08} 'gameLoopFPS' '()V' in 'motor_v1/motor/GameLoop'
  0x0000025340522de0: ;   {no_reloc}
  0x0000025340522de0: cc0f 1f84 | 0000 0000 | 000f 1f80 | 0000 0000 | 8984 2400 | 80ff ff55 | 4883 ec40 | 4181 7f20 
  0x0000025340522e00: 0100 0000 | 0f85 1602 | 0000 488b | 7a30 4c8b | 6a10 8b72 | 088b 1a48 | 8bca 49ba | 60d4 9153 
  0x0000025340522e20: f87f 0000 

  0x0000025340522e24: ;   {other}
  0x0000025340522e24: 41ff d20f | 1f84 0000 | 0000 0044 

  0x0000025340522e30: ;   {metadata('motor_v1/motor/GameLoop')}
  0x0000025340522e30: 8b57 0841 | 81fa e069 | 0c01 0f85 | 8d01 0000 | eb22 33f6 | 33db 4d8b | 9750 0400 | 0044 0fb6 
  0x0000025340522e50: 9f88 0000 

  0x0000025340522e54: ; ImmutableOopMap {rdi=Oop }
                      ;*ifne {reexecute=1 rethrow=0 return_oop=0}
                      ; - (reexecute) motor_v1.motor.GameLoop::gameLoopFPS@116 (line 99)
                      ;   {poll}
  0x0000025340522e54: 0041 8502 | 4585 db0f | 8449 0100 | 004c 8bed | 49ba 404e | c453 f87f | 0000 41ff 

  0x0000025340522e70: ;   {other}
  0x0000025340522e70: d20f 1f84 | 0000 0000 | 0048 8be8 | 4c8b d04d | 2bd5 458b | c241 03d8 | c4c1 fb2a 

  0x0000025340522e8c: ;   {section_word}
  0x0000025340522e8c: c2c5 fb5e | 0533 ffff | ffc5 fb58 | 8780 0000 | 00c5 fb11 | 8780 0000 

  0x0000025340522ea4: ;   {section_word}
  0x0000025340522ea4: 00c5 f92e | 0513 ffff | ff73 0a81 | fb00 ca9a | 3b7d 8beb | 8d48 897c | 2420 8974 | 2428 895c 
  0x0000025340522ec4: ;   {section_word}
  0x0000025340522ec4: 242c c5fb | 5905 fafe | ffff 4c8b | 5424 2045 | 8b92 8c00 

  0x0000025340522ed8: ;   {section_word}
  0x0000025340522ed8: 0000 c5fb | 5905 eefe | ffff 498b | d248 c1e2 | 03c5 fb5a | c0c5 fa5a 

  0x0000025340522ef0: ;   {oop(a 'java/lang/Class'{0x000000072e5962d8} = 'motor_v1/motor/GameLoop')}
  0x0000025340522ef0: c049 bad8 | 6259 2e07 | 0000 00c4 | c17b 1142 | 7048 b810 | 3a41 9453 

  0x0000025340522f08: ;   {virtual_call}
  0x0000025340522f08: 0200 00e8 

  0x0000025340522f0c: ; ImmutableOopMap {[32]=Oop }
                      ;*invokevirtual actualizar {reexecute=0 rethrow=0 return_oop=0}
                      ; - motor_v1.motor.GameLoop::actualizar@4 (line 67)
                      ; - motor_v1.motor.GameLoop::gameLoopFPS@69 (line 107)
  0x0000025340522f0c: 2105 a1ff 

  0x0000025340522f10: ;   {other}
  0x0000025340522f10: 0f1f 8400 | 0003 0001 | 4c8b 5424 | 2045 8b9a | 8c00 0000 | 498b d348 | c1e2 0345 | 33c0 6666 
  0x0000025340522f30: 9048 b8b0 | 3941 9453 

  0x0000025340522f38: ;   {virtual_call}
  0x0000025340522f38: 0200 00e8 

  0x0000025340522f3c: ; ImmutableOopMap {[32]=Oop }
                      ;*invokevirtual dibujar {reexecute=0 rethrow=0 return_oop=0}
                      ; - motor_v1.motor.GameLoop::dibujar@5 (line 63)
                      ; - motor_v1.motor.GameLoop::gameLoopFPS@74 (line 108)
  0x0000025340522f3c: 7512 a1ff 

  0x0000025340522f40: ;   {other}
  0x0000025340522f40: 0f1f 8400 | 3003 0002 | 4d8b 9750 | 0400 0048 | 8b7c 2420 | c5fb 1087 | 8000 0000 

  0x0000025340522f5c: ;   {section_word}
  0x0000025340522f5c: c5fb 5c05 | 5cfe ffff | c5fb 1187 | 8000 0000 

  0x0000025340522f6c: ;   {section_word}
  0x0000025340522f6c: c5f9 2e05 | 4cfe ffff | 41b8 ffff | ffff 0f8a | 0e00 0000 | 0f82 0800 | 0000 410f | 95c0 450f 
  0x0000025340522f8c: b6c0 8b74 

  0x0000025340522f90: ; ImmutableOopMap {rdi=Oop [32]=Oop }
                      ;*ifge {reexecute=1 rethrow=0 return_oop=0}
                      ; - (reexecute) motor_v1.motor.GameLoop::gameLoopFPS@96 (line 105)
  0x0000025340522f90: 2428 ffc6 

  0x0000025340522f94: ;   {poll}
  0x0000025340522f94: 4185 02c5 | f92e 0521 | feff ff73 | 238b 5c24 | 2ce9 05ff | ffff ba45 | ffff ff48 | 8bef 4489 
  0x0000025340522fb4: ;   {runtime_call UncommonTrapBlob}
  0x0000025340522fb4: 5c24 20e8 

  0x0000025340522fb8: ; ImmutableOopMap {rbp=Oop }
                      ;*ifne {reexecute=1 rethrow=0 return_oop=0}
                      ; - (reexecute) motor_v1.motor.GameLoop::gameLoopFPS@116 (line 99)
  0x0000025340522fb8: 4416 a1ff 

  0x0000025340522fbc: ;   {other}
  0x0000025340522fbc: 0f1f 8400 | ac03 0004 | 8974 2428 | e9f9 feff | ffba 8dff | ffff 488b | ef4c 896c | 2420 8974 
  0x0000025340522fdc: 2428 895c 

  0x0000025340522fe0: ;   {runtime_call UncommonTrapBlob}
  0x0000025340522fe0: 242c 90e8 

  0x0000025340522fe4: ; ImmutableOopMap {rbp=Oop }
                      ;*invokestatic nanoTime {reexecute=0 rethrow=0 return_oop=0}
                      ; - motor_v1.motor.GameLoop::gameLoopFPS@15 (line 100)
  0x0000025340522fe4: 1816 a1ff 

  0x0000025340522fe8: ;   {other}
  0x0000025340522fe8: 0f1f 8400 | d803 0005 | 488b d0eb | 0348 8bd0 | 4883 c440 

  0x0000025340522ffc: ;   {runtime_call _rethrow_Java}
  0x0000025340522ffc: 5de9 7ef5 | adff ba76 | ffff ff49 | 8bed 8974 | 2420 895c 

  0x0000025340523010: ;   {runtime_call UncommonTrapBlob}
  0x0000025340523010: 2424 90e8 

  0x0000025340523014: ; ImmutableOopMap {}
                      ;*invokestatic nanoTime {reexecute=0 rethrow=0 return_oop=0}
                      ; - motor_v1.motor.GameLoop::gameLoopFPS@15 (line 100)
  0x0000025340523014: e815 a1ff 

  0x0000025340523018: ;   {other}
  0x0000025340523018: 0f1f 8400 | 0804 0006 

  0x0000025340523020: ;   {runtime_call StubRoutines (final stubs)}
  0x0000025340523020: e83b 1d9f | ffe9 e0fd | ffff f4f4 | f4f4 f4f4 
[Exception Handler]
  0x0000025340523030: ;   {no_reloc}
  0x0000025340523030: e94b 71ad | ffe8 0000 | 0000 4883 

  0x000002534052303c: ;   {runtime_call DeoptimizationBlob}
  0x000002534052303c: 2c24 05e9 | 5c19 a1ff | f4f4 f4f4 
[/MachCode]


---------------  P R O C E S S  ---------------

Threads class SMR info:
_java_thread_list=0x0000025394410920, length=20, elements={
0x000002534e436e50, 0x000002534e4386b0, 0x000002534e43cfb0, 0x000002534e43ea10,
0x000002534e440700, 0x000002534e44db20, 0x000002534e473210, 0x000002534e475ac0,
0x000002534e6e09c0, 0x000002534e6e3050, 0x000002534e89c480, 0x00000253945a9b10,
0x00000253991ee880, 0x000002534e934680, 0x0000025394db36c0, 0x000002539470d440,
0x0000025394af6930, 0x0000025394cc05f0, 0x0000025394cc0c80, 0x0000025394cc1310
}

Java Threads: ( => current thread )
  0x000002534e436e50 JavaThread "Reference Handler"          daemon [_thread_blocked, id=7732, stack(0x0000009897c00000,0x0000009897d00000) (1024K)]
  0x000002534e4386b0 JavaThread "Finalizer"                  daemon [_thread_blocked, id=8788, stack(0x0000009897d00000,0x0000009897e00000) (1024K)]
  0x000002534e43cfb0 JavaThread "Signal Dispatcher"          daemon [_thread_blocked, id=9836, stack(0x0000009897e00000,0x0000009897f00000) (1024K)]
  0x000002534e43ea10 JavaThread "Attach Listener"            daemon [_thread_blocked, id=9004, stack(0x0000009897f00000,0x0000009898000000) (1024K)]
  0x000002534e440700 JavaThread "Service Thread"             daemon [_thread_blocked, id=2576, stack(0x0000009898000000,0x0000009898100000) (1024K)]
  0x000002534e44db20 JavaThread "Monitor Deflation Thread"   daemon [_thread_blocked, id=2328, stack(0x0000009898100000,0x0000009898200000) (1024K)]
  0x000002534e473210 JavaThread "C2 CompilerThread0"         daemon [_thread_blocked, id=7956, stack(0x0000009898200000,0x0000009898300000) (1024K)]
  0x000002534e475ac0 JavaThread "C1 CompilerThread0"         daemon [_thread_blocked, id=4988, stack(0x0000009898300000,0x0000009898400000) (1024K)]
  0x000002534e6e09c0 JavaThread "Notification Thread"        daemon [_thread_blocked, id=3160, stack(0x0000009898400000,0x0000009898500000) (1024K)]
  0x000002534e6e3050 JavaThread "Common-Cleaner"             daemon [_thread_blocked, id=6980, stack(0x0000009898500000,0x0000009898600000) (1024K)]
  0x000002534e89c480 JavaThread "Java2D Disposer"            daemon [_thread_blocked, id=1596, stack(0x0000009898600000,0x0000009898700000) (1024K)]
  0x00000253945a9b10 JavaThread "Java Sound Event Dispatcher" daemon [_thread_blocked, id=1252, stack(0x0000009898d00000,0x0000009898e00000) (1024K)]
  0x00000253991ee880 JavaThread "Direct Clip"                daemon [_thread_blocked, id=9644, stack(0x0000009899100000,0x0000009899200000) (1024K)]
  0x000002534e934680 JavaThread "Direct Clip"                daemon [_thread_blocked, id=1876, stack(0x0000009899200000,0x0000009899300000) (1024K)]
  0x0000025394db36c0 JavaThread "Direct Clip"                daemon [_thread_blocked, id=10828, stack(0x0000009899300000,0x0000009899400000) (1024K)]
  0x000002539470d440 JavaThread "AWT-Shutdown"                      [_thread_blocked, id=8736, stack(0x0000009899400000,0x0000009899500000) (1024K)]
  0x0000025394af6930 JavaThread "AWT-EventQueue-0"                  [_thread_blocked, id=3536, stack(0x0000009899d00000,0x0000009899e00000) (1024K)]
=>0x0000025394cc05f0 JavaThread "Thread-1"                          [_thread_in_native, id=5768, stack(0x0000009899f00000,0x000000989a000000) (1024K)]
  0x0000025394cc0c80 JavaThread "DestroyJavaVM"                     [_thread_blocked, id=10292, stack(0x0000009897400000,0x0000009897500000) (1024K)]
  0x0000025394cc1310 JavaThread "ToolkitShutdown"            daemon [_thread_in_native, id=9572, stack(0x0000009898a00000,0x0000009898b00000) (1024K)]
Total: 20

Other Threads:
  0x000002534e41cd70 VMThread "VM Thread"                           [id=7336, stack(0x0000009897b00000,0x0000009897c00000) (1024K)]
  0x000002534e40c790 WatcherThread "VM Periodic Task Thread"        [id=3348, stack(0x0000009897a00000,0x0000009897b00000) (1024K)]
  0x0000025330574050 WorkerThread "GC Thread#0"                     [id=10492, stack(0x0000009897500000,0x0000009897600000) (1024K)]
  0x000002534e92e170 WorkerThread "GC Thread#1"                     [id=4380, stack(0x0000009898700000,0x0000009898800000) (1024K)]
  0x000002534e92e510 WorkerThread "GC Thread#2"                     [id=3552, stack(0x0000009898800000,0x0000009898900000) (1024K)]
  0x000002534e92e8b0 WorkerThread "GC Thread#3"                     [id=2368, stack(0x0000009898900000,0x0000009898a00000) (1024K)]
  0x00000253305838c0 ConcurrentGCThread "G1 Main Marker"            [id=4080, stack(0x0000009897600000,0x0000009897700000) (1024K)]
  0x00000253305843c0 WorkerThread "G1 Conc#0"                       [id=10108, stack(0x0000009897700000,0x0000009897800000) (1024K)]
  0x000002534e2e20c0 ConcurrentGCThread "G1 Refine#0"               [id=8496, stack(0x0000009897800000,0x0000009897900000) (1024K)]
  0x00000253305eb4f0 ConcurrentGCThread "G1 Service"                [id=5112, stack(0x0000009897900000,0x0000009897a00000) (1024K)]
Total: 10

Threads with active compile tasks:
Total: 0

VM state: not at safepoint (normal execution)

VM Mutex/Monitor currently owned by a thread: None

Heap address: 0x0000000720c00000, size: 3572 MB, Compressed Oops mode: Zero based, Oop shift amount: 3

CDS archive(s) mapped at: [0x000002534f000000-0x000002534fc90000-0x000002534fc90000), size 13172736, SharedBaseAddress: 0x000002534f000000, ArchiveRelocationMode: 1.
Compressed class space mapped at: 0x0000025350000000-0x0000025390000000, reserved size: 1073741824
Narrow klass base: 0x000002534f000000, Narrow klass shift: 0, Narrow klass range: 0x100000000

GC Precious Log:
 CardTable entry size: 512
 Card Set container configuration: InlinePtr #cards 4 size 8 Array Of Cards #cards 16 size 48 Howl #buckets 8 coarsen threshold 3686 Howl Bitmap #cards 512 size 80 coarsen threshold 460 Card regions per heap region 1 cards per card region 4096
 CPUs: 4 total, 4 available
 Memory: 14284M
 Large Page Support: Disabled
 NUMA Support: Disabled
 Compressed Oops: Enabled (Zero based)
 Heap Region Size: 2M
 Heap Min Capacity: 8M
 Heap Initial Capacity: 224M
 Heap Max Capacity: 3572M
 Pre-touch: Disabled
 Parallel Workers: 4
 Concurrent Workers: 1
 Concurrent Refinement Workers: 4
 Periodic GC: Disabled

Heap:
 garbage-first heap   total 229376K, used 63957K [0x0000000720c00000, 0x0000000800000000)
  region size 2048K, 8 young (16384K), 2 survivors (4096K)
 Metaspace       used 8944K, committed 9152K, reserved 1114112K
  class space    used 929K, committed 1024K, reserved 1048576K

Heap Regions: E=young(eden), S=young(survivor), O=old, HS=humongous(starts), HC=humongous(continues), CS=collection set, F=free, TAMS=top-at-mark-start, PB=parsable bottom
|   0|0x0000000720c00000, 0x0000000720e00000, 0x0000000720e00000|100%|HS|  |TAMS 0x0000000720c00000| PB 0x0000000720c00000| Complete 
|   1|0x0000000720e00000, 0x0000000721000000, 0x0000000721000000|100%|HS|  |TAMS 0x0000000720e00000| PB 0x0000000720e00000| Complete 
|   2|0x0000000721000000, 0x0000000721200000, 0x0000000721200000|100%|HC|  |TAMS 0x0000000721000000| PB 0x0000000721000000| Complete 
|   3|0x0000000721200000, 0x0000000721400000, 0x0000000721400000|100%|HS|  |TAMS 0x0000000721200000| PB 0x0000000721200000| Complete 
|   4|0x0000000721400000, 0x0000000721600000, 0x0000000721600000|100%|HS|  |TAMS 0x0000000721400000| PB 0x0000000721400000| Complete 
|   5|0x0000000721600000, 0x0000000721800000, 0x0000000721800000|100%|HS|  |TAMS 0x0000000721600000| PB 0x0000000721600000| Complete 
|   6|0x0000000721800000, 0x0000000721a00000, 0x0000000721a00000|100%|HS|  |TAMS 0x0000000721800000| PB 0x0000000721800000| Complete 
|   7|0x0000000721a00000, 0x0000000721c00000, 0x0000000721c00000|100%|HS|  |TAMS 0x0000000721a00000| PB 0x0000000721a00000| Complete 
|   8|0x0000000721c00000, 0x0000000721e00000, 0x0000000721e00000|100%|HS|  |TAMS 0x0000000721c00000| PB 0x0000000721c00000| Complete 
|   9|0x0000000721e00000, 0x0000000722000000, 0x0000000722000000|100%|HS|  |TAMS 0x0000000721e00000| PB 0x0000000721e00000| Complete 
|  10|0x0000000722000000, 0x0000000722200000, 0x0000000722200000|100%|HS|  |TAMS 0x0000000722000000| PB 0x0000000722000000| Complete 
|  11|0x0000000722200000, 0x0000000722400000, 0x0000000722400000|100%|HS|  |TAMS 0x0000000722200000| PB 0x0000000722200000| Complete 
|  12|0x0000000722400000, 0x0000000722600000, 0x0000000722600000|100%|HS|  |TAMS 0x0000000722400000| PB 0x0000000722400000| Complete 
|  13|0x0000000722600000, 0x0000000722800000, 0x0000000722800000|100%|HC|  |TAMS 0x0000000722600000| PB 0x0000000722600000| Complete 
|  14|0x0000000722800000, 0x0000000722a00000, 0x0000000722a00000|100%|HC|  |TAMS 0x0000000722800000| PB 0x0000000722800000| Complete 
|  15|0x0000000722a00000, 0x0000000722c00000, 0x0000000722c00000|100%|HC|  |TAMS 0x0000000722a00000| PB 0x0000000722a00000| Complete 
|  16|0x0000000722c00000, 0x0000000722e00000, 0x0000000722e00000|100%|HC|  |TAMS 0x0000000722c00000| PB 0x0000000722c00000| Complete 
|  17|0x0000000722e00000, 0x0000000723000000, 0x0000000723000000|100%|HC|  |TAMS 0x0000000722e00000| PB 0x0000000722e00000| Complete 
|  18|0x0000000723000000, 0x0000000723200000, 0x0000000723200000|100%|HS|  |TAMS 0x0000000723000000| PB 0x0000000723000000| Complete 
|  19|0x0000000723200000, 0x0000000723400000, 0x0000000723400000|100%|HC|  |TAMS 0x0000000723200000| PB 0x0000000723200000| Complete 
|  20|0x0000000723400000, 0x0000000723600000, 0x0000000723600000|100%|HS|  |TAMS 0x0000000723400000| PB 0x0000000723400000| Complete 
|  21|0x0000000723600000, 0x0000000723800000, 0x0000000723800000|100%|HC|  |TAMS 0x0000000723600000| PB 0x0000000723600000| Complete 
|  22|0x0000000723800000, 0x0000000723a00000, 0x0000000723a00000|100%|HS|  |TAMS 0x0000000723800000| PB 0x0000000723800000| Complete 
|  23|0x0000000723a00000, 0x0000000723c00000, 0x0000000723c00000|100%|HC|  |TAMS 0x0000000723a00000| PB 0x0000000723a00000| Complete 
|  24|0x0000000723c00000, 0x0000000723e00000, 0x0000000723e00000|100%|HS|  |TAMS 0x0000000723c00000| PB 0x0000000723c00000| Complete 
|  25|0x0000000723e00000, 0x0000000724000000, 0x0000000724000000|100%|HC|  |TAMS 0x0000000723e00000| PB 0x0000000723e00000| Complete 
|  26|0x0000000724000000, 0x0000000724000000, 0x0000000724200000|  0%| F|  |TAMS 0x0000000724000000| PB 0x0000000724000000| Untracked 
|  27|0x0000000724200000, 0x0000000724200000, 0x0000000724400000|  0%| F|  |TAMS 0x0000000724200000| PB 0x0000000724200000| Untracked 
|  28|0x0000000724400000, 0x0000000724400000, 0x0000000724600000|  0%| F|  |TAMS 0x0000000724400000| PB 0x0000000724400000| Untracked 
|  29|0x0000000724600000, 0x0000000724600000, 0x0000000724800000|  0%| F|  |TAMS 0x0000000724600000| PB 0x0000000724600000| Untracked 
|  30|0x0000000724800000, 0x0000000724800000, 0x0000000724a00000|  0%| F|  |TAMS 0x0000000724800000| PB 0x0000000724800000| Untracked 
|  31|0x0000000724a00000, 0x0000000724a00000, 0x0000000724c00000|  0%| F|  |TAMS 0x0000000724a00000| PB 0x0000000724a00000| Untracked 
|  32|0x0000000724c00000, 0x0000000724c00000, 0x0000000724e00000|  0%| F|  |TAMS 0x0000000724c00000| PB 0x0000000724c00000| Untracked 
|  33|0x0000000724e00000, 0x0000000724e00000, 0x0000000725000000|  0%| F|  |TAMS 0x0000000724e00000| PB 0x0000000724e00000| Untracked 
|  34|0x0000000725000000, 0x0000000725000000, 0x0000000725200000|  0%| F|  |TAMS 0x0000000725000000| PB 0x0000000725000000| Untracked 
|  35|0x0000000725200000, 0x0000000725200000, 0x0000000725400000|  0%| F|  |TAMS 0x0000000725200000| PB 0x0000000725200000| Untracked 
|  36|0x0000000725400000, 0x0000000725400000, 0x0000000725600000|  0%| F|  |TAMS 0x0000000725400000| PB 0x0000000725400000| Untracked 
|  37|0x0000000725600000, 0x0000000725600000, 0x0000000725800000|  0%| F|  |TAMS 0x0000000725600000| PB 0x0000000725600000| Untracked 
|  38|0x0000000725800000, 0x0000000725800000, 0x0000000725a00000|  0%| F|  |TAMS 0x0000000725800000| PB 0x0000000725800000| Untracked 
|  39|0x0000000725a00000, 0x0000000725a00000, 0x0000000725c00000|  0%| F|  |TAMS 0x0000000725a00000| PB 0x0000000725a00000| Untracked 
|  40|0x0000000725c00000, 0x0000000725c00000, 0x0000000725e00000|  0%| F|  |TAMS 0x0000000725c00000| PB 0x0000000725c00000| Untracked 
|  41|0x0000000725e00000, 0x0000000725e00000, 0x0000000726000000|  0%| F|  |TAMS 0x0000000725e00000| PB 0x0000000725e00000| Untracked 
|  42|0x0000000726000000, 0x0000000726000000, 0x0000000726200000|  0%| F|  |TAMS 0x0000000726000000| PB 0x0000000726000000| Untracked 
|  43|0x0000000726200000, 0x0000000726200000, 0x0000000726400000|  0%| F|  |TAMS 0x0000000726200000| PB 0x0000000726200000| Untracked 
|  44|0x0000000726400000, 0x0000000726400000, 0x0000000726600000|  0%| F|  |TAMS 0x0000000726400000| PB 0x0000000726400000| Untracked 
|  45|0x0000000726600000, 0x0000000726600000, 0x0000000726800000|  0%| F|  |TAMS 0x0000000726600000| PB 0x0000000726600000| Untracked 
|  46|0x0000000726800000, 0x0000000726800000, 0x0000000726a00000|  0%| F|  |TAMS 0x0000000726800000| PB 0x0000000726800000| Untracked 
|  47|0x0000000726a00000, 0x0000000726a00000, 0x0000000726c00000|  0%| F|  |TAMS 0x0000000726a00000| PB 0x0000000726a00000| Untracked 
|  48|0x0000000726c00000, 0x0000000726c00000, 0x0000000726e00000|  0%| F|  |TAMS 0x0000000726c00000| PB 0x0000000726c00000| Untracked 
|  49|0x0000000726e00000, 0x0000000726e00000, 0x0000000727000000|  0%| F|  |TAMS 0x0000000726e00000| PB 0x0000000726e00000| Untracked 
|  50|0x0000000727000000, 0x0000000727000000, 0x0000000727200000|  0%| F|  |TAMS 0x0000000727000000| PB 0x0000000727000000| Untracked 
|  51|0x0000000727200000, 0x0000000727200000, 0x0000000727400000|  0%| F|  |TAMS 0x0000000727200000| PB 0x0000000727200000| Untracked 
|  52|0x0000000727400000, 0x0000000727400000, 0x0000000727600000|  0%| F|  |TAMS 0x0000000727400000| PB 0x0000000727400000| Untracked 
|  53|0x0000000727600000, 0x0000000727600000, 0x0000000727800000|  0%| F|  |TAMS 0x0000000727600000| PB 0x0000000727600000| Untracked 
|  54|0x0000000727800000, 0x0000000727800000, 0x0000000727a00000|  0%| F|  |TAMS 0x0000000727800000| PB 0x0000000727800000| Untracked 
|  55|0x0000000727a00000, 0x0000000727a00000, 0x0000000727c00000|  0%| F|  |TAMS 0x0000000727a00000| PB 0x0000000727a00000| Untracked 
|  56|0x0000000727c00000, 0x0000000727c00000, 0x0000000727e00000|  0%| F|  |TAMS 0x0000000727c00000| PB 0x0000000727c00000| Untracked 
|  57|0x0000000727e00000, 0x0000000727e00000, 0x0000000728000000|  0%| F|  |TAMS 0x0000000727e00000| PB 0x0000000727e00000| Untracked 
|  58|0x0000000728000000, 0x0000000728000000, 0x0000000728200000|  0%| F|  |TAMS 0x0000000728000000| PB 0x0000000728000000| Untracked 
|  59|0x0000000728200000, 0x0000000728200000, 0x0000000728400000|  0%| F|  |TAMS 0x0000000728200000| PB 0x0000000728200000| Untracked 
|  60|0x0000000728400000, 0x0000000728400000, 0x0000000728600000|  0%| F|  |TAMS 0x0000000728400000| PB 0x0000000728400000| Untracked 
|  61|0x0000000728600000, 0x0000000728600000, 0x0000000728800000|  0%| F|  |TAMS 0x0000000728600000| PB 0x0000000728600000| Untracked 
|  62|0x0000000728800000, 0x0000000728800000, 0x0000000728a00000|  0%| F|  |TAMS 0x0000000728800000| PB 0x0000000728800000| Untracked 
|  63|0x0000000728a00000, 0x0000000728a00000, 0x0000000728c00000|  0%| F|  |TAMS 0x0000000728a00000| PB 0x0000000728a00000| Untracked 
|  64|0x0000000728c00000, 0x0000000728c00000, 0x0000000728e00000|  0%| F|  |TAMS 0x0000000728c00000| PB 0x0000000728c00000| Untracked 
|  65|0x0000000728e00000, 0x0000000728e00000, 0x0000000729000000|  0%| F|  |TAMS 0x0000000728e00000| PB 0x0000000728e00000| Untracked 
|  66|0x0000000729000000, 0x0000000729000000, 0x0000000729200000|  0%| F|  |TAMS 0x0000000729000000| PB 0x0000000729000000| Untracked 
|  67|0x0000000729200000, 0x0000000729200000, 0x0000000729400000|  0%| F|  |TAMS 0x0000000729200000| PB 0x0000000729200000| Untracked 
|  68|0x0000000729400000, 0x0000000729400000, 0x0000000729600000|  0%| F|  |TAMS 0x0000000729400000| PB 0x0000000729400000| Untracked 
|  69|0x0000000729600000, 0x0000000729600000, 0x0000000729800000|  0%| F|  |TAMS 0x0000000729600000| PB 0x0000000729600000| Untracked 
|  70|0x0000000729800000, 0x0000000729800000, 0x0000000729a00000|  0%| F|  |TAMS 0x0000000729800000| PB 0x0000000729800000| Untracked 
|  71|0x0000000729a00000, 0x0000000729a00000, 0x0000000729c00000|  0%| F|  |TAMS 0x0000000729a00000| PB 0x0000000729a00000| Untracked 
|  72|0x0000000729c00000, 0x0000000729c00000, 0x0000000729e00000|  0%| F|  |TAMS 0x0000000729c00000| PB 0x0000000729c00000| Untracked 
|  73|0x0000000729e00000, 0x0000000729e00000, 0x000000072a000000|  0%| F|  |TAMS 0x0000000729e00000| PB 0x0000000729e00000| Untracked 
|  74|0x000000072a000000, 0x000000072a000000, 0x000000072a200000|  0%| F|  |TAMS 0x000000072a000000| PB 0x000000072a000000| Untracked 
|  75|0x000000072a200000, 0x000000072a200000, 0x000000072a400000|  0%| F|  |TAMS 0x000000072a200000| PB 0x000000072a200000| Untracked 
|  76|0x000000072a400000, 0x000000072a400000, 0x000000072a600000|  0%| F|  |TAMS 0x000000072a400000| PB 0x000000072a400000| Untracked 
|  77|0x000000072a600000, 0x000000072a600000, 0x000000072a800000|  0%| F|  |TAMS 0x000000072a600000| PB 0x000000072a600000| Untracked 
|  78|0x000000072a800000, 0x000000072a800000, 0x000000072aa00000|  0%| F|  |TAMS 0x000000072a800000| PB 0x000000072a800000| Untracked 
|  79|0x000000072aa00000, 0x000000072aa00000, 0x000000072ac00000|  0%| F|  |TAMS 0x000000072aa00000| PB 0x000000072aa00000| Untracked 
|  80|0x000000072ac00000, 0x000000072ac00000, 0x000000072ae00000|  0%| F|  |TAMS 0x000000072ac00000| PB 0x000000072ac00000| Untracked 
|  81|0x000000072ae00000, 0x000000072ae00000, 0x000000072b000000|  0%| F|  |TAMS 0x000000072ae00000| PB 0x000000072ae00000| Untracked 
|  82|0x000000072b000000, 0x000000072b000000, 0x000000072b200000|  0%| F|  |TAMS 0x000000072b000000| PB 0x000000072b000000| Untracked 
|  83|0x000000072b200000, 0x000000072b200000, 0x000000072b400000|  0%| F|  |TAMS 0x000000072b200000| PB 0x000000072b200000| Untracked 
|  84|0x000000072b400000, 0x000000072b400000, 0x000000072b600000|  0%| F|  |TAMS 0x000000072b400000| PB 0x000000072b400000| Untracked 
|  85|0x000000072b600000, 0x000000072b600000, 0x000000072b800000|  0%| F|  |TAMS 0x000000072b600000| PB 0x000000072b600000| Untracked 
|  86|0x000000072b800000, 0x000000072b800000, 0x000000072ba00000|  0%| F|  |TAMS 0x000000072b800000| PB 0x000000072b800000| Untracked 
|  87|0x000000072ba00000, 0x000000072ba00000, 0x000000072bc00000|  0%| F|  |TAMS 0x000000072ba00000| PB 0x000000072ba00000| Untracked 
|  88|0x000000072bc00000, 0x000000072bc00000, 0x000000072be00000|  0%| F|  |TAMS 0x000000072bc00000| PB 0x000000072bc00000| Untracked 
|  89|0x000000072be00000, 0x000000072be00000, 0x000000072c000000|  0%| F|  |TAMS 0x000000072be00000| PB 0x000000072be00000| Untracked 
|  90|0x000000072c000000, 0x000000072c000000, 0x000000072c200000|  0%| F|  |TAMS 0x000000072c000000| PB 0x000000072c000000| Untracked 
|  91|0x000000072c200000, 0x000000072c200000, 0x000000072c400000|  0%| F|  |TAMS 0x000000072c200000| PB 0x000000072c200000| Untracked 
|  92|0x000000072c400000, 0x000000072c400000, 0x000000072c600000|  0%| F|  |TAMS 0x000000072c400000| PB 0x000000072c400000| Untracked 
|  93|0x000000072c600000, 0x000000072c600000, 0x000000072c800000|  0%| F|  |TAMS 0x000000072c600000| PB 0x000000072c600000| Untracked 
|  94|0x000000072c800000, 0x000000072c800000, 0x000000072ca00000|  0%| F|  |TAMS 0x000000072c800000| PB 0x000000072c800000| Untracked 
|  95|0x000000072ca00000, 0x000000072ca00000, 0x000000072cc00000|  0%| F|  |TAMS 0x000000072ca00000| PB 0x000000072ca00000| Untracked 
|  96|0x000000072cc00000, 0x000000072cc00000, 0x000000072ce00000|  0%| F|  |TAMS 0x000000072cc00000| PB 0x000000072cc00000| Untracked 
|  97|0x000000072ce00000, 0x000000072ce00000, 0x000000072d000000|  0%| F|  |TAMS 0x000000072ce00000| PB 0x000000072ce00000| Untracked 
|  98|0x000000072d000000, 0x000000072d000000, 0x000000072d200000|  0%| F|  |TAMS 0x000000072d000000| PB 0x000000072d000000| Untracked 
|  99|0x000000072d200000, 0x000000072d200000, 0x000000072d400000|  0%| F|  |TAMS 0x000000072d200000| PB 0x000000072d200000| Untracked 
| 100|0x000000072d400000, 0x000000072d400000, 0x000000072d600000|  0%| F|  |TAMS 0x000000072d400000| PB 0x000000072d400000| Untracked 
| 101|0x000000072d600000, 0x000000072d675770, 0x000000072d800000| 22%| S|CS|TAMS 0x000000072d600000| PB 0x000000072d600000| Complete 
| 102|0x000000072d800000, 0x000000072da00000, 0x000000072da00000|100%| S|CS|TAMS 0x000000072d800000| PB 0x000000072d800000| Complete 
| 103|0x000000072da00000, 0x000000072da00000, 0x000000072dc00000|  0%| F|  |TAMS 0x000000072da00000| PB 0x000000072da00000| Untracked 
| 104|0x000000072dc00000, 0x000000072dc00000, 0x000000072de00000|  0%| F|  |TAMS 0x000000072dc00000| PB 0x000000072dc00000| Untracked 
| 105|0x000000072de00000, 0x000000072de00000, 0x000000072e000000|  0%| F|  |TAMS 0x000000072de00000| PB 0x000000072de00000| Untracked 
| 106|0x000000072e000000, 0x000000072e000800, 0x000000072e200000|  0%| E|  |TAMS 0x000000072e000000| PB 0x000000072e000000| Complete 
| 107|0x000000072e200000, 0x000000072e400000, 0x000000072e400000|100%| E|CS|TAMS 0x000000072e200000| PB 0x000000072e200000| Complete 
| 108|0x000000072e400000, 0x000000072e600000, 0x000000072e600000|100%| E|CS|TAMS 0x000000072e400000| PB 0x000000072e400000| Complete 
| 109|0x000000072e600000, 0x000000072e800000, 0x000000072e800000|100%| E|CS|TAMS 0x000000072e600000| PB 0x000000072e600000| Complete 
| 110|0x000000072e800000, 0x000000072ea00000, 0x000000072ea00000|100%| E|CS|TAMS 0x000000072e800000| PB 0x000000072e800000| Complete 
| 111|0x000000072ea00000, 0x000000072ec00000, 0x000000072ec00000|100%| E|  |TAMS 0x000000072ea00000| PB 0x000000072ea00000| Complete 

Card table byte_map: [0x00000253480b0000,0x00000253487b0000] _byte_map_base: 0x00000253447aa000

Marking Bits: (CMBitMap*) 0x0000025330574750
 Bits: [0x00000253487b0000, 0x000002534bf80000)

Polling page: 0x000002532e400000

Metaspace:

Usage:
  Non-class:      7.83 MB used.
      Class:    929.77 KB used.
       Both:      8.74 MB used.

Virtual space:
  Non-class space:       64.00 MB reserved,       7.94 MB ( 12%) committed,  1 nodes.
      Class space:        1.00 GB reserved,       1.00 MB ( <1%) committed,  1 nodes.
             Both:        1.06 GB reserved,       8.94 MB ( <1%) committed. 

Chunk freelists:
   Non-Class:  8.00 MB
       Class:  15.02 MB
        Both:  23.02 MB

MaxMetaspaceSize: unlimited
CompressedClassSpaceSize: 1.00 GB
Initial GC threshold: 21.00 MB
Current GC threshold: 21.00 MB
CDS: on
 - commit_granule_bytes: 65536.
 - commit_granule_words: 8192.
 - virtual_space_node_default_size: 8388608.
 - enlarge_chunks_in_place: 1.
 - use_allocation_guard: 0.


Internal statistics:

num_allocs_failed_limit: 0.
num_arena_births: 152.
num_arena_deaths: 0.
num_vsnodes_births: 2.
num_vsnodes_deaths: 0.
num_space_committed: 143.
num_space_uncommitted: 0.
num_chunks_returned_to_freelist: 0.
num_chunks_taken_from_freelist: 213.
num_chunk_merges: 0.
num_chunk_splits: 119.
num_chunks_enlarged: 44.
num_inconsistent_stats: 0.

CodeHeap 'non-profiled nmethods': size=120000Kb used=715Kb max_used=715Kb free=119284Kb
 bounds [0x0000025340480000, 0x00000253406f0000, 0x00000253479b0000]
CodeHeap 'profiled nmethods': size=120000Kb used=2293Kb max_used=2293Kb free=117706Kb
 bounds [0x00000253389b0000, 0x0000025338c20000, 0x000002533fee0000]
CodeHeap 'non-nmethods': size=5760Kb used=1567Kb max_used=1671Kb free=4192Kb
 bounds [0x000002533fee0000, 0x0000025340150000, 0x0000025340480000]
 total_blobs=2071 nmethods=1438 adapters=538
 compilation: enabled
              stopped_count=0, restarted_count=0
 full_count=0

Compilation events (20 events):
Event: 4.590 Thread 0x000002534e475ac0 1430   !   3       sun.java2d.SunGraphics2D::drawImage (150 bytes)
Event: 4.591 Thread 0x000002534e475ac0 nmethod 1430 0x0000025338be8e10 code [0x0000025338be90a0, 0x0000025338be9c90]
Event: 4.640 Thread 0x000002534e473210 1431       4       java.awt.image.BufferedImage::getWidth (8 bytes)
Event: 4.641 Thread 0x000002534e473210 nmethod 1431 0x0000025340532190 code [0x0000025340532300, 0x00000253405323a0]
Event: 4.657 Thread 0x000002534e473210 1432       4       java.util.HashMap::put (13 bytes)
Event: 4.658 Thread 0x000002534e473210 nmethod 1432 0x0000025340532490 code [0x0000025340532620, 0x0000025340532778]
Event: 4.723 Thread 0x000002534e475ac0 1433       3       sun.java2d.pipe.Region::getInstanceXYXY (12 bytes)
Event: 4.724 Thread 0x000002534e475ac0 nmethod 1433 0x0000025338bea210 code [0x0000025338bea3c0, 0x0000025338bea5e0]
Event: 4.740 Thread 0x000002534e475ac0 1434       3       java.awt.Component::getFont (5 bytes)
Event: 4.740 Thread 0x000002534e475ac0 nmethod 1434 0x0000025338bea710 code [0x0000025338bea8e0, 0x0000025338beac18]
Event: 4.757 Thread 0x000002534e475ac0 1435       3       sun.java2d.pipe.Region::getInstanceXYWH (16 bytes)
Event: 4.757 Thread 0x000002534e475ac0 nmethod 1435 0x0000025338bead90 code [0x0000025338beaf40, 0x0000025338beb200]
Event: 4.807 Thread 0x000002534e475ac0 1436       3       sun.awt.windows.WComponentPeer::getGraphicsConfiguration (23 bytes)
Event: 4.807 Thread 0x000002534e475ac0 nmethod 1436 0x0000025338beb310 code [0x0000025338beb4c0, 0x0000025338beb828]
Event: 4.873 Thread 0x000002534e475ac0 1437   !   3       sun.java2d.SunGraphics2D::validateCompClip (186 bytes)
Event: 4.874 Thread 0x000002534e475ac0 nmethod 1437 0x0000025338beb910 code [0x0000025338bebba0, 0x0000025338bec868]
Event: 4.878 Thread 0x000002534e475ac0 1438       3       java.util.ArrayList::toArray (57 bytes)
Event: 4.878 Thread 0x000002534e473210 1439       4       java.util.concurrent.ConcurrentHashMap$Traverser::advance (188 bytes)
Event: 4.878 Thread 0x000002534e475ac0 nmethod 1438 0x0000025338becc10 code [0x0000025338becde0, 0x0000025338bed360]
Event: 4.881 Thread 0x000002534e473210 nmethod 1439 0x0000025340532890 code [0x0000025340532a20, 0x0000025340532d88]

GC Heap History (4 events):
Event: 0.361 GC heap before
{Heap before GC invocations=0 (full 0):
 garbage-first heap   total 229376K, used 20480K [0x0000000720c00000, 0x0000000800000000)
  region size 2048K, 6 young (12288K), 0 survivors (0K)
 Metaspace       used 2749K, committed 2944K, reserved 1114112K
  class space    used 251K, committed 320K, reserved 1048576K
}
Event: 0.363 GC heap after
{Heap after GC invocations=1 (full 0):
 garbage-first heap   total 229376K, used 9566K [0x0000000720c00000, 0x0000000800000000)
  region size 2048K, 1 young (2048K), 1 survivors (2048K)
 Metaspace       used 2749K, committed 2944K, reserved 1114112K
  class space    used 251K, committed 320K, reserved 1048576K
}
Event: 0.590 GC heap before
{Heap before GC invocations=1 (full 0):
 garbage-first heap   total 229376K, used 42334K [0x0000000720c00000, 0x0000000800000000)
  region size 2048K, 9 young (18432K), 1 survivors (2048K)
 Metaspace       used 2810K, committed 2944K, reserved 1114112K
  class space    used 253K, committed 320K, reserved 1048576K
}
Event: 0.592 GC heap after
{Heap after GC invocations=2 (full 0):
 garbage-first heap   total 229376K, used 27093K [0x0000000720c00000, 0x0000000800000000)
  region size 2048K, 2 young (4096K), 2 survivors (4096K)
 Metaspace       used 2810K, committed 2944K, reserved 1114112K
  class space    used 253K, committed 320K, reserved 1048576K
}

Dll operation events (11 events):
Event: 0.006 Loaded shared library C:\Program Files\Java\jdk-21\bin\java.dll
Event: 0.032 Loaded shared library C:\Program Files\Java\jdk-21\bin\jsvml.dll
Event: 0.052 Loaded shared library C:\Program Files\Java\jdk-21\bin\net.dll
Event: 0.054 Loaded shared library C:\Program Files\Java\jdk-21\bin\nio.dll
Event: 0.057 Loaded shared library C:\Program Files\Java\jdk-21\bin\zip.dll
Event: 0.062 Loaded shared library C:\Program Files\Java\jdk-21\bin\jimage.dll
Event: 0.095 Loaded shared library C:\Program Files\Java\jdk-21\bin\awt.dll
Event: 0.354 Loaded shared library C:\Program Files\Java\jdk-21\bin\javajpeg.dll
Event: 0.742 Loaded shared library C:\Program Files\Java\jdk-21\bin\freetype.dll
Event: 0.744 Loaded shared library C:\Program Files\Java\jdk-21\bin\fontmanager.dll
Event: 0.786 Loaded shared library C:\Program Files\Java\jdk-21\bin\jsound.dll

Deoptimization events (20 events):
Event: 0.875 Thread 0x000002532e479e80 Uncommon trap: trap_request=0xffffff45 fr.pc=0x00000253404c397c relative=0x0000000000006a7c
Event: 0.875 Thread 0x000002532e479e80 Uncommon trap: reason=unstable_if action=reinterpret pc=0x00000253404c397c method=java.io.BufferedInputStream.read1([BII)I @ 34 c2
Event: 0.875 Thread 0x000002532e479e80 DEOPT PACKING pc=0x00000253404c397c sp=0x00000098974feb50
Event: 0.875 Thread 0x000002532e479e80 DEOPT UNPACKING pc=0x000002533ff346a2 sp=0x00000098974fec28 mode 2
Event: 1.040 Thread 0x000002532e479e80 DEOPT PACKING pc=0x00000253389c98f8 sp=0x00000098974fda20
Event: 1.040 Thread 0x000002532e479e80 DEOPT UNPACKING pc=0x000002533ff34e42 sp=0x00000098974fce40 mode 0
Event: 1.216 Thread 0x0000025394cc05f0 DEOPT PACKING pc=0x0000025338b3fcab sp=0x0000009899fff3a0
Event: 1.216 Thread 0x0000025394cc05f0 DEOPT UNPACKING pc=0x000002533ff34e42 sp=0x0000009899ffe8b0 mode 0
Event: 1.223 Thread 0x0000025394cc05f0 Uncommon trap: trap_request=0xffffff45 fr.pc=0x0000025340517f80 relative=0x0000000000000140
Event: 1.223 Thread 0x0000025394cc05f0 Uncommon trap: reason=unstable_if action=reinterpret pc=0x0000025340517f80 method=motor_v1.motor.GameLoop.gameLoopFPS()V @ 96 c2
Event: 1.223 Thread 0x0000025394cc05f0 DEOPT PACKING pc=0x0000025340517f80 sp=0x0000009899fff420
Event: 1.223 Thread 0x0000025394cc05f0 DEOPT UNPACKING pc=0x000002533ff346a2 sp=0x0000009899fff3c0 mode 2
Event: 1.231 Thread 0x0000025394cc05f0 DEOPT PACKING pc=0x0000025338b4222b sp=0x0000009899fff3a0
Event: 1.231 Thread 0x0000025394cc05f0 DEOPT UNPACKING pc=0x000002533ff34e42 sp=0x0000009899ffe8b0 mode 0
Event: 2.144 Thread 0x0000025394cc05f0 Uncommon trap: trap_request=0xffffff45 fr.pc=0x00000253405184cc relative=0x00000000000001ec
Event: 2.144 Thread 0x0000025394cc05f0 Uncommon trap: reason=unstable_if action=reinterpret pc=0x00000253405184cc method=motor_v1.motor.GameLoop.gameLoopFPS()V @ 103 c2
Event: 2.144 Thread 0x0000025394cc05f0 DEOPT PACKING pc=0x00000253405184cc sp=0x0000009899fff420
Event: 2.144 Thread 0x0000025394cc05f0 DEOPT UNPACKING pc=0x000002533ff346a2 sp=0x0000009899fff3b8 mode 2
Event: 2.149 Thread 0x0000025394cc05f0 DEOPT PACKING pc=0x0000025338b698ab sp=0x0000009899fff3a0
Event: 2.149 Thread 0x0000025394cc05f0 DEOPT UNPACKING pc=0x000002533ff34e42 sp=0x0000009899ffe8b0 mode 0

Classes loaded (20 events):
Event: 2.104 Loading class javax/swing/KeyboardManager
Event: 2.104 Loading class javax/swing/KeyboardManager done
Event: 2.104 Loading class javax/swing/Popup$HeavyWeightWindow
Event: 2.104 Loading class sun/awt/ModalExclude
Event: 2.104 Loading class sun/awt/ModalExclude done
Event: 2.104 Loading class javax/swing/JWindow
Event: 2.104 Loading class javax/swing/JWindow done
Event: 2.104 Loading class javax/swing/Popup$HeavyWeightWindow done
Event: 2.123 Loading class java/lang/FdLibm$Atan2
Event: 2.124 Loading class java/lang/FdLibm$Atan2 done
Event: 2.124 Loading class java/lang/FdLibm
Event: 2.124 Loading class java/lang/FdLibm done
Event: 2.124 Loading class java/lang/FdLibm$Atan
Event: 2.124 Loading class java/lang/FdLibm$Atan done
Event: 4.879 Loading class sun/font/SunFontManager$7$1
Event: 4.879 Loading class sun/font/SunFontManager$7$1 done
Event: 4.882 Loading class java/util/WeakHashMap$KeyIterator
Event: 4.883 Loading class java/util/WeakHashMap$HashIterator
Event: 4.883 Loading class java/util/WeakHashMap$HashIterator done
Event: 4.883 Loading class java/util/WeakHashMap$KeyIterator done

Classes unloaded (0 events):
No events

Classes redefined (0 events):
No events

Internal exceptions (13 events):
Event: 0.082 Thread 0x000002532e479e80 Exception <a 'java/lang/ClassNotFoundException'{0x000000072ebcd230}: sun/awt/resources/spi/awtProvider> (0x000000072ebcd230) 
thrown [s\open\src\hotspot\share\classfile\systemDictionary.cpp, line 312]
Event: 0.106 Thread 0x000002532e479e80 Exception <a 'java/io/FileNotFoundException'{0x000000072e827968}> (0x000000072e827968) 
thrown [s\open\src\hotspot\share\prims\jni.cpp, line 520]
Event: 0.112 Thread 0x000002532e479e80 Exception <a 'java/io/FileNotFoundException'{0x000000072e851c70}> (0x000000072e851c70) 
thrown [s\open\src\hotspot\share\prims\jni.cpp, line 520]
Event: 0.154 Thread 0x000002532e479e80 Exception <a 'java/lang/NoSuchMethodError'{0x000000072e8cf3a0}: 'java.lang.Object java.lang.invoke.DirectMethodHandle$Holder.invokeStaticInit(java.lang.Object, int, int, int, int)'> (0x000000072e8cf3a0) 
thrown [s\open\src\hotspot\share\interpreter\linkResolver.cpp, line 773]
Event: 0.179 Thread 0x000002532e479e80 Exception <a 'java/lang/NoSuchMethodError'{0x000000072e99cd00}: 'java.lang.Object java.lang.invoke.DirectMethodHandle$Holder.invokeStaticInit(java.lang.Object, java.lang.Object, int, int, int, int)'> (0x000000072e99cd00) 
thrown [s\open\src\hotspot\share\interpreter\linkResolver.cpp, line 773]
Event: 1.014 Thread 0x000002532e479e80 Exception <a 'java/lang/NoSuchMethodError'{0x000000072e6af860}: 'void java.lang.invoke.DirectMethodHandle$Holder.invokeSpecial(java.lang.Object, java.lang.Object, java.lang.Object)'> (0x000000072e6af860) 
thrown [s\open\src\hotspot\share\interpreter\linkResolver.cpp, line 773]
Event: 1.021 Thread 0x000002532e479e80 Exception <a 'java/lang/NoSuchMethodError'{0x000000072e6d52d0}: 'java.lang.Object java.lang.invoke.DirectMethodHandle$Holder.newInvokeSpecial(java.lang.Object, java.lang.Object, java.lang.Object, java.lang.Object, java.lang.Object)'> (0x000000072e6d52d0) 
thrown [s\open\src\hotspot\share\interpreter\linkResolver.cpp, line 773]
Event: 1.026 Thread 0x000002532e479e80 Exception <a 'java/lang/NoSuchMethodError'{0x000000072e701210}: 'java.lang.Object java.lang.invoke.DirectMethodHandle$Holder.invokeStatic(java.lang.Object, int, java.lang.Object)'> (0x000000072e701210) 
thrown [s\open\src\hotspot\share\interpreter\linkResolver.cpp, line 773]
Event: 1.047 Thread 0x000002532e479e80 Exception <a 'java/lang/ClassNotFoundException'{0x000000072e7a5770}: com/sun/swing/internal/plaf/metal/resources/spi/metalProvider> (0x000000072e7a5770) 
thrown [s\open\src\hotspot\share\classfile\systemDictionary.cpp, line 312]
Event: 1.049 Thread 0x000002532e479e80 Exception <a 'java/lang/ClassNotFoundException'{0x000000072e7a96c0}: com/sun/swing/internal/plaf/basic/resources/spi/basicProvider> (0x000000072e7a96c0) 
thrown [s\open\src\hotspot\share\classfile\systemDictionary.cpp, line 312]
Event: 1.058 Thread 0x000002532e479e80 Exception <a 'java/lang/NoSuchMethodError'{0x000000072e7c5e68}: 'int java.lang.invoke.Invokers$Holder.invokeExact_MT(java.lang.Object, java.lang.Object)'> (0x000000072e7c5e68) 
thrown [s\open\src\hotspot\share\interpreter\linkResolver.cpp, line 773]
Event: 1.076 Thread 0x000002532e479e80 Exception <a 'java/lang/NoSuchMethodError'{0x000000072e7eff38}: 'void java.lang.invoke.DirectMethodHandle$Holder.invokeStaticInit(java.lang.Object)'> (0x000000072e7eff38) 
thrown [s\open\src\hotspot\share\interpreter\linkResolver.cpp, line 773]
Event: 1.094 Thread 0x000002539470daa0 Exception <a 'java/lang/NoSuchMethodError'{0x000000072e60ca48}: 'void java.lang.invoke.DirectMethodHandle$Holder.invokeVirtual(java.lang.Object, java.lang.Object)'> (0x000000072e60ca48) 
thrown [s\open\src\hotspot\share\interpreter\linkResolver.cpp, line 773]

ZGC Phase Switch (0 events):
No events

VM Operations (20 events):
Event: 0.057 Executing VM operation: HandshakeAllThreads (Deoptimize)
Event: 0.057 Executing VM operation: HandshakeAllThreads (Deoptimize) done
Event: 0.066 Executing VM operation: HandshakeAllThreads (Deoptimize)
Event: 0.066 Executing VM operation: HandshakeAllThreads (Deoptimize) done
Event: 0.130 Executing VM operation: HandshakeAllThreads (Deoptimize)
Event: 0.130 Executing VM operation: HandshakeAllThreads (Deoptimize) done
Event: 0.361 Executing VM operation: G1CollectForAllocation (G1 Evacuation Pause)
Event: 0.363 Executing VM operation: G1CollectForAllocation (G1 Evacuation Pause) done
Event: 0.590 Executing VM operation: G1CollectForAllocation (G1 Evacuation Pause)
Event: 0.593 Executing VM operation: G1CollectForAllocation (G1 Evacuation Pause) done
Event: 0.773 Executing VM operation: HandshakeAllThreads (Deoptimize)
Event: 0.773 Executing VM operation: HandshakeAllThreads (Deoptimize) done
Event: 1.007 Executing VM operation: HandshakeAllThreads (Deoptimize)
Event: 1.007 Executing VM operation: HandshakeAllThreads (Deoptimize) done
Event: 1.119 Executing VM operation: HandshakeAllThreads (Deoptimize)
Event: 1.119 Executing VM operation: HandshakeAllThreads (Deoptimize) done
Event: 2.119 Executing VM operation: Cleanup
Event: 2.119 Executing VM operation: Cleanup done
Event: 4.120 Executing VM operation: Cleanup
Event: 4.120 Executing VM operation: Cleanup done

Events (20 events):
Event: 0.885 Thread 0x00000253945a9b10 Thread added: 0x00000253945a9b10
Event: 0.899 Thread 0x00000253991ee880 Thread added: 0x00000253991ee880
Event: 0.905 Thread 0x000002534e934680 Thread added: 0x000002534e934680
Event: 0.912 Thread 0x0000025394db36c0 Thread added: 0x0000025394db36c0
Event: 0.940 Thread 0x000002539470d440 Thread added: 0x000002539470d440
Event: 0.942 Thread 0x000002539470daa0 Thread added: 0x000002539470daa0
Event: 1.064 Thread 0x0000025394af6930 Thread added: 0x0000025394af6930
Event: 1.100 Thread 0x0000025394cc2030 Thread added: 0x0000025394cc2030
Event: 1.126 Thread 0x0000025394cc05f0 Thread added: 0x0000025394cc05f0
Event: 1.126 Thread 0x000002532e479e80 Thread exited: 0x000002532e479e80
Event: 1.126 Thread 0x0000025394cc0c80 Thread added: 0x0000025394cc0c80
Event: 1.374 Thread 0x000002534e478a70 Thread exited: 0x000002534e478a70
Event: 4.877 Thread 0x0000025394cc1310 Thread added: 0x0000025394cc1310
Event: 4.877 Thread 0x0000025394cbebb0 Thread added: 0x0000025394cbebb0
Event: 4.878 Thread 0x0000025394cc19a0 Thread added: 0x0000025394cc19a0
Event: 4.878 Thread 0x0000025394cbf240 Thread added: 0x0000025394cbf240
Event: 4.878 Thread 0x0000025394cc2030 Thread exited: 0x0000025394cc2030
Event: 4.878 Thread 0x0000025394cbebb0 Thread exited: 0x0000025394cbebb0
Event: 4.883 Thread 0x0000025394cbf240 Thread exited: 0x0000025394cbf240
Event: 4.886 Thread 0x0000025394cc19a0 Thread exited: 0x0000025394cc19a0


Dynamic libraries:
0x00007ff7165a0000 - 0x00007ff7165b0000 	C:\Program Files\Java\jdk-21\bin\javaw.exe
0x00007ff8c3bf0000 - 0x00007ff8c3de8000 	C:\Windows\SYSTEM32\ntdll.dll
0x00007ff8c1c20000 - 0x00007ff8c1ce2000 	C:\Windows\System32\KERNEL32.DLL
0x00007ff8c1640000 - 0x00007ff8c193e000 	C:\Windows\System32\KERNELBASE.dll
0x00007ff8c1940000 - 0x00007ff8c1a40000 	C:\Windows\System32\ucrtbase.dll
0x00007ff8b4030000 - 0x00007ff8b404b000 	C:\Program Files\Java\jdk-21\bin\VCRUNTIME140.dll
0x00007ff8b3dc0000 - 0x00007ff8b3dd9000 	C:\Program Files\Java\jdk-21\bin\jli.dll
0x00007ff8c29d0000 - 0x00007ff8c2a82000 	C:\Windows\System32\ADVAPI32.dll
0x00007ff8c21a0000 - 0x00007ff8c223e000 	C:\Windows\System32\msvcrt.dll
0x00007ff8c22a0000 - 0x00007ff8c2340000 	C:\Windows\System32\sechost.dll
0x00007ff8c2070000 - 0x00007ff8c2193000 	C:\Windows\System32\RPCRT4.dll
0x00007ff8c1610000 - 0x00007ff8c1637000 	C:\Windows\System32\bcrypt.dll
0x00007ff8c3920000 - 0x00007ff8c3abd000 	C:\Windows\System32\USER32.dll
0x00007ff898920000 - 0x00007ff898bba000 	C:\Windows\WinSxS\amd64_microsoft.windows.common-controls_6595b64144ccf1df_6.0.19041.4355_none_60b8b9eb71f62e16\COMCTL32.dll
0x00007ff8c1b70000 - 0x00007ff8c1b92000 	C:\Windows\System32\win32u.dll
0x00007ff8c3490000 - 0x00007ff8c34bb000 	C:\Windows\System32\GDI32.dll
0x00007ff8c14f0000 - 0x00007ff8c1607000 	C:\Windows\System32\gdi32full.dll
0x00007ff8c1ad0000 - 0x00007ff8c1b6d000 	C:\Windows\System32\msvcp_win.dll
0x00007ff8b9660000 - 0x00007ff8b966a000 	C:\Windows\SYSTEM32\VERSION.dll
0x00007ff8c3890000 - 0x00007ff8c38bf000 	C:\Windows\System32\IMM32.DLL
0x00007ff8b44f0000 - 0x00007ff8b44fc000 	C:\Program Files\Java\jdk-21\bin\vcruntime140_1.dll
0x00007ff863150000 - 0x00007ff8631de000 	C:\Program Files\Java\jdk-21\bin\msvcp140.dll
0x00007ff853580000 - 0x00007ff854298000 	C:\Program Files\Java\jdk-21\bin\server\jvm.dll
0x00007ff8c3820000 - 0x00007ff8c388b000 	C:\Windows\System32\WS2_32.dll
0x00007ff8c10f0000 - 0x00007ff8c113b000 	C:\Windows\SYSTEM32\POWRPROF.dll
0x00007ff8b7a90000 - 0x00007ff8b7ab7000 	C:\Windows\SYSTEM32\WINMM.dll
0x00007ff8c10d0000 - 0x00007ff8c10e2000 	C:\Windows\SYSTEM32\UMPDC.dll
0x00007ff8bfb00000 - 0x00007ff8bfb12000 	C:\Windows\SYSTEM32\kernel.appcore.dll
0x00007ff8bd5b0000 - 0x00007ff8bd5ba000 	C:\Program Files\Java\jdk-21\bin\jimage.dll
0x00007ff8bee60000 - 0x00007ff8bf044000 	C:\Windows\SYSTEM32\DBGHELP.DLL
0x00007ff8bd780000 - 0x00007ff8bd7b4000 	C:\Windows\SYSTEM32\dbgcore.DLL
0x00007ff8c1a40000 - 0x00007ff8c1ac2000 	C:\Windows\System32\bcryptPrimitives.dll
0x00007ff8b0120000 - 0x00007ff8b013f000 	C:\Program Files\Java\jdk-21\bin\java.dll
0x00007ff8c2d20000 - 0x00007ff8c348f000 	C:\Windows\System32\SHELL32.dll
0x00007ff8bf050000 - 0x00007ff8bf7f4000 	C:\Windows\SYSTEM32\windows.storage.dll
0x00007ff8c34c0000 - 0x00007ff8c3813000 	C:\Windows\System32\combase.dll
0x00007ff8c0bf0000 - 0x00007ff8c0c1e000 	C:\Windows\SYSTEM32\Wldp.dll
0x00007ff8c2c50000 - 0x00007ff8c2d1d000 	C:\Windows\System32\OLEAUT32.dll
0x00007ff8c2ba0000 - 0x00007ff8c2c4d000 	C:\Windows\System32\SHCORE.dll
0x00007ff8c2b40000 - 0x00007ff8c2b95000 	C:\Windows\System32\shlwapi.dll
0x00007ff8c11c0000 - 0x00007ff8c11e4000 	C:\Windows\SYSTEM32\profapi.dll
0x00007ff862c30000 - 0x00007ff862d07000 	C:\Program Files\Java\jdk-21\bin\jsvml.dll
0x00007ff8b6b30000 - 0x00007ff8b6b40000 	C:\Program Files\Java\jdk-21\bin\net.dll
0x00007ff8b9b80000 - 0x00007ff8b9c8d000 	C:\Windows\SYSTEM32\WINHTTP.dll
0x00007ff8c0950000 - 0x00007ff8c09ba000 	C:\Windows\system32\mswsock.dll
0x00007ff8ac760000 - 0x00007ff8ac776000 	C:\Program Files\Java\jdk-21\bin\nio.dll
0x00007ff8a9ad0000 - 0x00007ff8a9ae8000 	C:\Program Files\Java\jdk-21\bin\zip.dll
0x00007ff85d270000 - 0x00007ff85d3ff000 	C:\Program Files\Java\jdk-21\bin\awt.dll
0x00007ff8bd6a0000 - 0x00007ff8bd734000 	C:\Windows\SYSTEM32\apphelp.dll
0x00007ff8c0b40000 - 0x00007ff8c0b58000 	C:\Windows\SYSTEM32\CRYPTSP.dll
0x00007ff8c0270000 - 0x00007ff8c02a4000 	C:\Windows\system32\rsaenh.dll
0x00007ff8c1180000 - 0x00007ff8c11ae000 	C:\Windows\SYSTEM32\USERENV.dll
0x00007ff8c0b60000 - 0x00007ff8c0b6c000 	C:\Windows\SYSTEM32\CRYPTBASE.dll
0x00007ff8c0630000 - 0x00007ff8c066b000 	C:\Windows\SYSTEM32\IPHLPAPI.DLL
0x00007ff8c1e30000 - 0x00007ff8c1e38000 	C:\Windows\System32\NSI.dll
0x00007ff892ea0000 - 0x00007ff892ece000 	C:\Program Files\Java\jdk-21\bin\javajpeg.dll
0x00007ff8630c0000 - 0x00007ff863147000 	C:\Program Files\Java\jdk-21\bin\freetype.dll
0x00007ff862d70000 - 0x00007ff862e51000 	C:\Program Files\Java\jdk-21\bin\fontmanager.dll
0x00007ff89a550000 - 0x00007ff89a562000 	C:\Program Files\Java\jdk-21\bin\jsound.dll
0x00007ff8c1d00000 - 0x00007ff8c1e2b000 	C:\Windows\System32\ole32.dll
0x00007ff88d3d0000 - 0x00007ff88d46c000 	C:\Windows\SYSTEM32\DSOUND.dll
0x00007ff8aeac0000 - 0x00007ff8aeae6000 	C:\Windows\SYSTEM32\winmmbase.dll
0x00007ff8c2a90000 - 0x00007ff8c2b39000 	C:\Windows\System32\clbcatq.dll
0x00007ff8bdda0000 - 0x00007ff8bde3e000 	C:\Windows\system32\uxtheme.dll
0x00007ff8bb060000 - 0x00007ff8bb0e5000 	C:\Windows\System32\MMDevApi.dll
0x00007ff8c0f50000 - 0x00007ff8c0f83000 	C:\Windows\System32\DEVOBJ.dll
0x00007ff8c14a0000 - 0x00007ff8c14ee000 	C:\Windows\System32\cfgmgr32.dll
0x00007ff899b10000 - 0x00007ff899b56000 	C:\Windows\SYSTEM32\wdmaud.drv
0x00007ff8abc90000 - 0x00007ff8abc99000 	C:\Windows\SYSTEM32\ksuser.dll
0x00007ff8bfa80000 - 0x00007ff8bfa8a000 	C:\Windows\SYSTEM32\AVRT.dll
0x00007ff8bb390000 - 0x00007ff8bb511000 	C:\Windows\SYSTEM32\AUDIOSES.DLL
0x00007ff8a9120000 - 0x00007ff8a912d000 	C:\Windows\SYSTEM32\msacm32.drv
0x00007ff8b6190000 - 0x00007ff8b61ae000 	C:\Windows\SYSTEM32\MSACM32.dll
0x00007ff8a7d60000 - 0x00007ff8a7d6b000 	C:\Windows\SYSTEM32\midimap.dll
0x00007ff8bdf10000 - 0x00007ff8bdf24000 	C:\Windows\SYSTEM32\resourcepolicyclient.dll
0x00007ff8be150000 - 0x00007ff8be17f000 	C:\Windows\system32\DWMAPI.DLL
0x00007ff876b70000 - 0x00007ff876c98000 	C:\Windows\system32\opengl32.dll
0x00007ff8754d0000 - 0x00007ff8754fc000 	C:\Windows\SYSTEM32\GLU32.dll
0x00007ff8c2440000 - 0x00007ff8c2555000 	C:\Windows\System32\MSCTF.dll
0x00007ff8b9c90000 - 0x00007ff8b9ccb000 	C:\Windows\SYSTEM32\dxcore.dll
0x00007ff8b4a60000 - 0x00007ff8b4b59000 	C:\Windows\SYSTEM32\textinputframework.dll
0x00007ff8bce80000 - 0x00007ff8bd1db000 	C:\Windows\System32\CoreUIComponents.dll
0x00007ff8bd810000 - 0x00007ff8bd902000 	C:\Windows\System32\CoreMessaging.dll
0x00007ff8c04c0000 - 0x00007ff8c04f3000 	C:\Windows\SYSTEM32\ntmarta.dll
0x00007ff8bc6f0000 - 0x00007ff8bc847000 	C:\Windows\SYSTEM32\wintypes.dll

dbghelp: loaded successfully - version: 4.0.5 - missing functions: none
symbol engine: initialized successfully - sym options: 0x614 - pdb path: .;C:\Program Files\Java\jdk-21\bin;C:\Windows\SYSTEM32;C:\Windows\WinSxS\amd64_microsoft.windows.common-controls_6595b64144ccf1df_6.0.19041.4355_none_60b8b9eb71f62e16;C:\Program Files\Java\jdk-21\bin\server

VM Arguments:
jvm_args: -Dfile.encoding=UTF-8 -Dstdout.encoding=UTF-8 -Dstderr.encoding=UTF-8 -XX:+ShowCodeDetailsInExceptionMessages 
java_command: juego.PrincipalJuegoDisparos
java_class_path (initial): C:\Users\Admin\git\VillageInvasion\motor_v2_gif_solucion\bin;C:\Users\Admin\git\VillageInvasion\motor_v2_gif_solucion\motor_v3.jar
Launcher Type: SUN_STANDARD

[Global flags]
     intx CICompilerCount                          = 3                                         {product} {ergonomic}
     uint ConcGCThreads                            = 1                                         {product} {ergonomic}
     uint G1ConcRefinementThreads                  = 4                                         {product} {ergonomic}
   size_t G1HeapRegionSize                         = 2097152                                   {product} {ergonomic}
    uintx GCDrainStackTargetSize                   = 64                                        {product} {ergonomic}
   size_t InitialHeapSize                          = 234881024                                 {product} {ergonomic}
   size_t MarkStackSize                            = 4194304                                   {product} {ergonomic}
   size_t MaxHeapSize                              = 3745513472                                {product} {ergonomic}
   size_t MaxNewSize                               = 2246049792                                {product} {ergonomic}
   size_t MinHeapDeltaBytes                        = 2097152                                   {product} {ergonomic}
   size_t MinHeapSize                              = 8388608                                   {product} {ergonomic}
    uintx NonNMethodCodeHeapSize                   = 5832780                                {pd product} {ergonomic}
    uintx NonProfiledCodeHeapSize                  = 122912730                              {pd product} {ergonomic}
    uintx ProfiledCodeHeapSize                     = 122912730                              {pd product} {ergonomic}
    uintx ReservedCodeCacheSize                    = 251658240                              {pd product} {ergonomic}
     bool SegmentedCodeCache                       = true                                      {product} {ergonomic}
     bool ShowCodeDetailsInExceptionMessages       = true                                   {manageable} {command line}
   size_t SoftMaxHeapSize                          = 3745513472                             {manageable} {ergonomic}
     bool UseCompressedOops                        = true                           {product lp64_product} {ergonomic}
     bool UseG1GC                                  = true                                      {product} {ergonomic}
     bool UseLargePagesIndividualAllocation        = false                                  {pd product} {ergonomic}

Logging:
Log output configuration:
 #0: stdout all=warning uptime,level,tags foldmultilines=false
 #1: stderr all=off uptime,level,tags foldmultilines=false

Environment Variables:
PATH=C:/Program Files/Java/jdk-21/bin/server;C:/Program Files/Java/jdk-21/bin;C:\Program Files\Common Files\Oracle\Java\javapath;C:\Program Files (x86)\Common Files\Oracle\Java\javapath;C:\Windows\system32;C:\Windows;C:\Windows\System32\Wbem;C:\Windows\System32\WindowsPowerShell\v1.0\;C:\Windows\System32\OpenSSH\;C:\Program Files\Git\cmd;C:\Users\Admin\AppData\Local\Programs\Python\Launcher\;C:\Users\Admin\AppData\Local\Microsoft\WindowsApps;;C:\Users\Admin\Desktop;
USERNAME=Admin
OS=Windows_NT
PROCESSOR_IDENTIFIER=AMD64 Family 23 Model 24 Stepping 1, AuthenticAMD
TMP=C:\Users\Admin\AppData\Local\Temp
TEMP=C:\Users\Admin\AppData\Local\Temp




Periodic native trim disabled

---------------  S Y S T E M  ---------------

OS:
 Windows 10 , 64 bit Build 19041 (10.0.19041.4957)
OS uptime: 0 days 19:09 hours

CPU: total 4 (initial active 4) (4 cores per cpu, 1 threads per core) family 23 model 24 stepping 1 microcode 0x0, cx8, cmov, fxsr, mmx, 3dnowpref, sse, sse2, sse3, ssse3, sse4a, sse4.1, sse4.2, popcnt, lzcnt, tsc, tscinvbit, avx, avx2, aes, clmul, bmi1, bmi2, adx, sha, fma, vzeroupper, clflush, clflushopt, rdtscp, f16c
Processor Information for all 4 processors :
  Max Mhz: 3600, Current Mhz: 3600, Mhz Limit: 3600

Memory: 4k page, system-wide physical 14284M (7733M free)
TotalPageFile size 16960M (AvailPageFile size 7738M)
current process WorkingSet (physical memory assigned to process): 228M, peak: 248M
current process commit charge ("private bytes"): 448M, peak: 469M

vm_info: Java HotSpot(TM) 64-Bit Server VM (21.0.5+9-LTS-239) for windows-amd64 JRE (21.0.5+9-LTS-239), built on 2024-09-30T05:17:38Z by "mach5one" with MS VC++ 17.6 (VS2022)

END.
